2019-04-05T03:33:42+00:00 CRITICAL syntax error, unexpected ')' in C:\xampp\htdocs\cutthemewooco\wp-content\themes\themedthach\themedthach\functions.php on line 49

2019-04-05T03:36:52+00:00 CRITICAL Object of class WP_Term could not be converted to string in C:\xampp\htdocs\cutthemewooco\wp-content\themes\themedthach\themedthach\functions.php on line 47

2019-04-05T07:32:13+00:00 CRITICAL syntax error, unexpected '=>' (T_DOUBLE_ARROW), expecting ',' or ')' in C:\xampp\htdocs\cutthemewooco\wp-content\themes\themedthach\themedthach\page-90.php on line 342

2019-04-05T07:33:33+00:00 CRITICAL syntax error, unexpected '=>' (T_DOUBLE_ARROW), expecting ',' or ')' in C:\xampp\htdocs\cutthemewooco\wp-content\themes\themedthach\themedthach\page-90.php on line 342

2019-04-05T07:36:03+00:00 CRITICAL syntax error, unexpected '=>' (T_DOUBLE_ARROW), expecting ',' or ')' in C:\xampp\htdocs\cutthemewooco\wp-content\themes\themedthach\themedthach\page-90.php on line 342

2019-04-05T07:37:19+00:00 CRITICAL syntax error, unexpected '=>' (T_DOUBLE_ARROW), expecting ',' or ')' in C:\xampp\htdocs\cutthemewooco\wp-content\themes\themedthach\themedthach\page-90.php on line 342

2019-04-05T07:38:50+00:00 CRITICAL syntax error, unexpected '=>' (T_DOUBLE_ARROW), expecting ',' or ')' in C:\xampp\htdocs\cutthemewooco\wp-content\themes\themedthach\themedthach\page-90.php on line 342

2019-04-05T07:39:29+00:00 CRITICAL syntax error, unexpected '}', expecting end of file in C:\xampp\htdocs\cutthemewooco\wp-content\themes\themedthach\themedthach\page-90.php on line 367

2019-04-05T07:41:17+00:00 CRITICAL syntax error, unexpected '=>' (T_DOUBLE_ARROW), expecting ',' or ')' in C:\xampp\htdocs\cutthemewooco\wp-content\themes\themedthach\themedthach\page-90.php on line 342

2019-04-05T07:41:36+00:00 CRITICAL syntax error, unexpected '=>' (T_DOUBLE_ARROW), expecting ',' or ')' in C:\xampp\htdocs\cutthemewooco\wp-content\themes\themedthach\themedthach\page-90.php on line 342

2019-04-05T07:44:14+00:00 CRITICAL Uncaught Error: Call to undefined function post_date() in C:\xampp\htdocs\cutthemewooco\wp-content\themes\themedthach\themedthach\page-90.php:363
Stack trace:
#0 C:\xampp\htdocs\cutthemewooco\wp-includes\template-loader.php(77): include()
#1 C:\xampp\htdocs\cutthemewooco\wp-blog-header.php(19): require_once('C:\\xampp\\htdocs...')
#2 C:\xampp\htdocs\cutthemewooco\index.php(17): require('C:\\xampp\\htdocs...')
#3 {main}
  thrown in C:\xampp\htdocs\cutthemewooco\wp-content\themes\themedthach\themedthach\page-90.php on line 363

2019-04-05T08:03:16+00:00 CRITICAL syntax error, unexpected '<' in C:\xampp\htdocs\cutthemewooco\wp-content\themes\themedthach\themedthach\page-90.php on line 368

2019-04-05T08:03:32+00:00 CRITICAL syntax error, unexpected '<' in C:\xampp\htdocs\cutthemewooco\wp-content\themes\themedthach\themedthach\page-90.php on line 368

2019-04-05T08:51:23+00:00 CRITICAL Object of class WP_Comment could not be converted to string in C:\xampp\htdocs\cutthemewooco\wp-content\themes\themedthach\themedthach\page-90.php on line 368

2019-04-05T09:01:30+00:00 CRITICAL Uncaught Error: Call to undefined method WP_Comment::comment_content() in C:\xampp\htdocs\cutthemewooco\wp-content\themes\themedthach\themedthach\page-90.php:366
Stack trace:
#0 C:\xampp\htdocs\cutthemewooco\wp-includes\template-loader.php(77): include()
#1 C:\xampp\htdocs\cutthemewooco\wp-blog-header.php(19): require_once('C:\\xampp\\htdocs...')
#2 C:\xampp\htdocs\cutthemewooco\index.php(17): require('C:\\xampp\\htdocs...')
#3 {main}
  thrown in C:\xampp\htdocs\cutthemewooco\wp-content\themes\themedthach\themedthach\page-90.php on line 366

