2019-04-03T02:08:26+00:00 CRITICAL Maximum execution time of 30 seconds exceeded in C:\xampp\htdocs\cutthemewooco\wp-includes\Requests\Transport\cURL.php on line 463

2019-04-03T03:07:42+00:00 CRITICAL syntax error, unexpected end of file in C:\xampp\htdocs\cutthemewooco\wp-content\themes\themeduythach\index.php on line 17

2019-04-03T03:07:57+00:00 CRITICAL Uncaught Error: Call to undefined function have_post() in C:\xampp\htdocs\cutthemewooco\wp-content\themes\themeduythach\index.php:10
Stack trace:
#0 C:\xampp\htdocs\cutthemewooco\wp-includes\template-loader.php(77): include()
#1 C:\xampp\htdocs\cutthemewooco\wp-blog-header.php(19): require_once('C:\\xampp\\htdocs...')
#2 C:\xampp\htdocs\cutthemewooco\index.php(17): require('C:\\xampp\\htdocs...')
#3 {main}
  thrown in C:\xampp\htdocs\cutthemewooco\wp-content\themes\themeduythach\index.php on line 10

2019-04-03T03:09:29+00:00 CRITICAL Uncaught Error: Call to undefined function the_posts() in C:\xampp\htdocs\cutthemewooco\wp-content\themes\themeduythach\index.php:11
Stack trace:
#0 C:\xampp\htdocs\cutthemewooco\wp-includes\template-loader.php(77): include()
#1 C:\xampp\htdocs\cutthemewooco\wp-blog-header.php(19): require_once('C:\\xampp\\htdocs...')
#2 C:\xampp\htdocs\cutthemewooco\index.php(17): require('C:\\xampp\\htdocs...')
#3 {main}
  thrown in C:\xampp\htdocs\cutthemewooco\wp-content\themes\themeduythach\index.php on line 11

2019-04-03T06:22:30+00:00 CRITICAL Uncaught Error: Call to undefined function wp_get_attactment_image_src() in C:\xampp\htdocs\cutthemewooco\wp-content\themes\themedthach\themedthach\header.php:63
Stack trace:
#0 C:\xampp\htdocs\cutthemewooco\wp-includes\template.php(704): require_once()
#1 C:\xampp\htdocs\cutthemewooco\wp-includes\template.php(653): load_template('C:\\xampp\\htdocs...', true)
#2 C:\xampp\htdocs\cutthemewooco\wp-includes\general-template.php(41): locate_template(Array, true)
#3 C:\xampp\htdocs\cutthemewooco\wp-content\themes\themedthach\themedthach\page.php(15): get_header()
#4 C:\xampp\htdocs\cutthemewooco\wp-includes\template-loader.php(77): include('C:\\xampp\\htdocs...')
#5 C:\xampp\htdocs\cutthemewooco\wp-blog-header.php(19): require_once('C:\\xampp\\htdocs...')
#6 C:\xampp\htdocs\cutthemewooco\index.php(17): require('C:\\xampp\\htdocs...')
#7 {main}
  thrown in C:\xampp\htdocs\cutthemewooco\wp-content\themes\themedthach\themedthach\header.php on line 63

2019-04-03T10:31:14+00:00 CRITICAL syntax error, unexpected '=>' (T_DOUBLE_ARROW), expecting ',' or ')' in C:\xampp\htdocs\cutthemewooco\wp-content\themes\themedthach\themedthach\header.php on line 305

2019-04-03T10:31:16+00:00 CRITICAL syntax error, unexpected '=>' (T_DOUBLE_ARROW), expecting ',' or ')' in C:\xampp\htdocs\cutthemewooco\wp-content\themes\themedthach\themedthach\header.php on line 305

2019-04-03T10:31:42+00:00 CRITICAL syntax error, unexpected '=>' (T_DOUBLE_ARROW), expecting ',' or ')' in C:\xampp\htdocs\cutthemewooco\wp-content\themes\themedthach\themedthach\header.php on line 305

2019-04-03T10:36:00+00:00 CRITICAL syntax error, unexpected '=>' (T_DOUBLE_ARROW), expecting ',' or ')' in C:\xampp\htdocs\cutthemewooco\wp-content\themes\themedthach\themedthach\header.php on line 305

